<?xml version="1.0" encoding="UTF-8"?>
<checkstyle version="6.19">
<file name="/home/mario/workspace/droolsjbpm/drools/drools-examples-api/ruleunit/src/main/java/org/drools/example/api/ruleunit/PersonRuleUnit.java">
</file>
<file name="/home/mario/workspace/droolsjbpm/drools/drools-examples-api/ruleunit/src/main/java/org/drools/example/api/ruleunit/Person.java">
</file>
<file name="/home/mario/workspace/droolsjbpm/drools/drools-examples-api/ruleunit/src/main/java/org/drools/example/api/ruleunit/RuleUnitExample.java">
<error line="20" severity="error" message="Wrong lexicographical order for &apos;org.drools.core.impl.DynamicallyBoundSessionImpl&apos; import. Should be before &apos;org.kie.api.runtime.rule.DataSource&apos;." source="com.puppycrawl.tools.checkstyle.checks.imports.CustomImportOrderCheck"/>
<error line="21" severity="error" message="Wrong lexicographical order for &apos;org.drools.core.ruleunit.RuleUnitFactory&apos; import. Should be before &apos;org.kie.api.runtime.rule.DataSource&apos;." source="com.puppycrawl.tools.checkstyle.checks.imports.CustomImportOrderCheck"/>
<error line="22" severity="error" message="Wrong lexicographical order for &apos;org.kie.api.KieBase&apos; import. Should be before &apos;org.kie.api.runtime.rule.DataSource&apos;." source="com.puppycrawl.tools.checkstyle.checks.imports.CustomImportOrderCheck"/>
<error line="23" severity="error" message="Wrong lexicographical order for &apos;org.kie.api.KieServices&apos; import. Should be before &apos;org.kie.api.runtime.rule.DataSource&apos;." source="com.puppycrawl.tools.checkstyle.checks.imports.CustomImportOrderCheck"/>
<error line="24" severity="error" message="Wrong lexicographical order for &apos;org.kie.api.runtime.KieContainer&apos; import. Should be before &apos;org.kie.api.runtime.rule.DataSource&apos;." source="com.puppycrawl.tools.checkstyle.checks.imports.CustomImportOrderCheck"/>
</file>
<file name="/home/mario/workspace/droolsjbpm/drools/drools-examples-api/ruleunit/src/test/java/org/drools/example/api/reactivekiesession/RuleUnitExampleTest.java">
<error line="20" severity="error" message="Wrong lexicographical order for &apos;org.drools.core.impl.DynamicallyBoundSessionImpl&apos; import. Should be before &apos;org.kie.api.runtime.rule.DataSource&apos;." source="com.puppycrawl.tools.checkstyle.checks.imports.CustomImportOrderCheck"/>
<error line="22" severity="error" message="Wrong lexicographical order for &apos;org.drools.core.ruleunit.RuleUnitFactory&apos; import. Should be before &apos;org.kie.api.runtime.rule.RuleUnit&apos;." source="com.puppycrawl.tools.checkstyle.checks.imports.CustomImportOrderCheck"/>
<error line="23" severity="error" message="Wrong lexicographical order for &apos;org.drools.example.api.ruleunit.Person&apos; import. Should be before &apos;org.kie.api.runtime.rule.RuleUnit&apos;." source="com.puppycrawl.tools.checkstyle.checks.imports.CustomImportOrderCheck"/>
<error line="24" severity="error" message="Wrong lexicographical order for &apos;org.drools.example.api.ruleunit.PersonRuleUnit&apos; import. Should be before &apos;org.kie.api.runtime.rule.RuleUnit&apos;." source="com.puppycrawl.tools.checkstyle.checks.imports.CustomImportOrderCheck"/>
<error line="25" severity="error" message="Wrong lexicographical order for &apos;org.junit.Test&apos; import. Should be before &apos;org.kie.api.runtime.rule.RuleUnit&apos;." source="com.puppycrawl.tools.checkstyle.checks.imports.CustomImportOrderCheck"/>
<error line="26" severity="error" message="Wrong lexicographical order for &apos;org.kie.api.KieBase&apos; import. Should be before &apos;org.kie.api.runtime.rule.RuleUnit&apos;." source="com.puppycrawl.tools.checkstyle.checks.imports.CustomImportOrderCheck"/>
<error line="27" severity="error" message="Wrong lexicographical order for &apos;org.kie.api.KieServices&apos; import. Should be before &apos;org.kie.api.runtime.rule.RuleUnit&apos;." source="com.puppycrawl.tools.checkstyle.checks.imports.CustomImportOrderCheck"/>
<error line="28" severity="error" message="Wrong lexicographical order for &apos;org.kie.api.runtime.KieContainer&apos; import. Should be before &apos;org.kie.api.runtime.rule.RuleUnit&apos;." source="com.puppycrawl.tools.checkstyle.checks.imports.CustomImportOrderCheck"/>
<error line="31" severity="error" message="Wrong lexicographical order for &apos;org.junit.Assert.assertEquals&apos; import. Should be before &apos;org.kie.api.runtime.rule.DataSource.newReactiveDataSource&apos;." source="com.puppycrawl.tools.checkstyle.checks.imports.CustomImportOrderCheck"/>
</file>
</checkstyle>
