<object-stream>
  <list>
    <org.drools.audit.event.ObjectLogEvent>
      <factId>1</factId>
      <objectToString>[Customer A : Gold]</objectToString>
      <type>1</type>
    </org.drools.audit.event.ObjectLogEvent>
    <org.drools.audit.event.ObjectLogEvent>
      <factId>2</factId>
      <objectToString>[Customer B : Platinum]</objectToString>
      <type>1</type>
    </org.drools.audit.event.ObjectLogEvent>
    <org.drools.audit.event.ObjectLogEvent>
      <factId>3</factId>
      <objectToString>[Customer C : Silver]</objectToString>
      <type>1</type>
    </org.drools.audit.event.ObjectLogEvent>
    <org.drools.audit.event.ObjectLogEvent>
      <factId>4</factId>
      <objectToString>[Customer D : Silver]</objectToString>
      <type>1</type>
    </org.drools.audit.event.ObjectLogEvent>
    <org.drools.audit.event.ActivationLogEvent>
      <activationId>New Ticket [1, 5]</activationId>
      <rule>New Ticket</rule>
      <declarations>ticket=[Ticket [Customer A : Gold] : New](5); customer=[Customer A : Gold](1)</declarations>
      <type>4</type>
    </org.drools.audit.event.ActivationLogEvent>
    <org.drools.audit.event.ActivationLogEvent>
      <activationId>Gold Priority [1, 5]</activationId>
      <rule>Gold Priority</rule>
      <declarations>ticket=[Ticket [Customer A : Gold] : New](5); customer=[Customer A : Gold](1)</declarations>
      <type>4</type>
    </org.drools.audit.event.ActivationLogEvent>
    <org.drools.audit.event.ObjectLogEvent>
      <factId>5</factId>
      <objectToString>[Ticket [Customer A : Gold] : New]</objectToString>
      <type>1</type>
    </org.drools.audit.event.ObjectLogEvent>
    <org.drools.audit.event.ActivationLogEvent>
      <activationId>New Ticket [2, 6]</activationId>
      <rule>New Ticket</rule>
      <declarations>ticket=[Ticket [Customer B : Platinum] : New](6); customer=[Customer B : Platinum](2)</declarations>
      <type>4</type>
    </org.drools.audit.event.ActivationLogEvent>
    <org.drools.audit.event.ActivationLogEvent>
      <activationId>Platinum Priority [2, 6]</activationId>
      <rule>Platinum Priority</rule>
      <declarations>ticket=[Ticket [Customer B : Platinum] : New](6); customer=[Customer B : Platinum](2)</declarations>
      <type>4</type>
    </org.drools.audit.event.ActivationLogEvent>
    <org.drools.audit.event.ObjectLogEvent>
      <factId>6</factId>
      <objectToString>[Ticket [Customer B : Platinum] : New]</objectToString>
      <type>1</type>
    </org.drools.audit.event.ObjectLogEvent>
    <org.drools.audit.event.ActivationLogEvent>
      <activationId>New Ticket [3, 7]</activationId>
      <rule>New Ticket</rule>
      <declarations>ticket=[Ticket [Customer C : Silver] : New](7); customer=[Customer C : Silver](3)</declarations>
      <type>4</type>
    </org.drools.audit.event.ActivationLogEvent>
    <org.drools.audit.event.ActivationLogEvent>
      <activationId>Silver Priority [3, 7]</activationId>
      <rule>Silver Priority</rule>
      <declarations>ticket=[Ticket [Customer C : Silver] : New](7); customer=[Customer C : Silver](3)</declarations>
      <type>4</type>
    </org.drools.audit.event.ActivationLogEvent>
    <org.drools.audit.event.ObjectLogEvent>
      <factId>7</factId>
      <objectToString>[Ticket [Customer C : Silver] : New]</objectToString>
      <type>1</type>
    </org.drools.audit.event.ObjectLogEvent>
    <org.drools.audit.event.ActivationLogEvent>
      <activationId>New Ticket [4, 8]</activationId>
      <rule>New Ticket</rule>
      <declarations>ticket=[Ticket [Customer D : Silver] : New](8); customer=[Customer D : Silver](4)</declarations>
      <type>4</type>
    </org.drools.audit.event.ActivationLogEvent>
    <org.drools.audit.event.ActivationLogEvent>
      <activationId>Silver Priority [4, 8]</activationId>
      <rule>Silver Priority</rule>
      <declarations>ticket=[Ticket [Customer D : Silver] : New](8); customer=[Customer D : Silver](4)</declarations>
      <type>4</type>
    </org.drools.audit.event.ActivationLogEvent>
    <org.drools.audit.event.ObjectLogEvent>
      <factId>8</factId>
      <objectToString>[Ticket [Customer D : Silver] : New]</objectToString>
      <type>1</type>
    </org.drools.audit.event.ObjectLogEvent>
    <org.drools.audit.event.ActivationLogEvent>
      <activationId>New Ticket [4, 8]</activationId>
      <rule>New Ticket</rule>
      <declarations>ticket=[Ticket [Customer D : Silver] : New](8); customer=[Customer D : Silver](4)</declarations>
      <type>6</type>
    </org.drools.audit.event.ActivationLogEvent>
    <org.drools.audit.event.ActivationLogEvent>
      <activationId>New Ticket [4, 8]</activationId>
      <rule>New Ticket</rule>
      <declarations>ticket=[Ticket [Customer D : Silver] : New](8); customer=[Customer D : Silver](4)</declarations>
      <type>7</type>
    </org.drools.audit.event.ActivationLogEvent>
    <org.drools.audit.event.ActivationLogEvent>
      <activationId>New Ticket [3, 7]</activationId>
      <rule>New Ticket</rule>
      <declarations>ticket=[Ticket [Customer C : Silver] : New](7); customer=[Customer C : Silver](3)</declarations>
      <type>6</type>
    </org.drools.audit.event.ActivationLogEvent>
    <org.drools.audit.event.ActivationLogEvent>
      <activationId>New Ticket [3, 7]</activationId>
      <rule>New Ticket</rule>
      <declarations>ticket=[Ticket [Customer C : Silver] : New](7); customer=[Customer C : Silver](3)</declarations>
      <type>7</type>
    </org.drools.audit.event.ActivationLogEvent>
    <org.drools.audit.event.ActivationLogEvent>
      <activationId>New Ticket [2, 6]</activationId>
      <rule>New Ticket</rule>
      <declarations>ticket=[Ticket [Customer B : Platinum] : New](6); customer=[Customer B : Platinum](2)</declarations>
      <type>6</type>
    </org.drools.audit.event.ActivationLogEvent>
    <org.drools.audit.event.ActivationLogEvent>
      <activationId>New Ticket [2, 6]</activationId>
      <rule>New Ticket</rule>
      <declarations>ticket=[Ticket [Customer B : Platinum] : New](6); customer=[Customer B : Platinum](2)</declarations>
      <type>7</type>
    </org.drools.audit.event.ActivationLogEvent>
    <org.drools.audit.event.ActivationLogEvent>
      <activationId>New Ticket [1, 5]</activationId>
      <rule>New Ticket</rule>
      <declarations>ticket=[Ticket [Customer A : Gold] : New](5); customer=[Customer A : Gold](1)</declarations>
      <type>6</type>
    </org.drools.audit.event.ActivationLogEvent>
    <org.drools.audit.event.ActivationLogEvent>
      <activationId>New Ticket [1, 5]</activationId>
      <rule>New Ticket</rule>
      <declarations>ticket=[Ticket [Customer A : Gold] : New](5); customer=[Customer A : Gold](1)</declarations>
      <type>7</type>
    </org.drools.audit.event.ActivationLogEvent>
    <org.drools.audit.event.ActivationLogEvent>
      <activationId>Platinum Priority [2, 6]</activationId>
      <rule>Platinum Priority</rule>
      <declarations>ticket=[Ticket [Customer B : Platinum] : New](6); customer=[Customer B : Platinum](2)</declarations>
      <type>6</type>
    </org.drools.audit.event.ActivationLogEvent>
    <org.drools.audit.event.ActivationLogEvent>
      <activationId>Escalate [2, 6]</activationId>
      <rule>Escalate</rule>
      <declarations>ticket=[Ticket [Customer B : Platinum] : Escalate](6); customer=[Customer B : Platinum](2)</declarations>
      <type>4</type>
    </org.drools.audit.event.ActivationLogEvent>
    <org.drools.audit.event.ObjectLogEvent>
      <factId>6</factId>
      <objectToString>[Ticket [Customer B : Platinum] : Escalate]</objectToString>
      <type>2</type>
    </org.drools.audit.event.ObjectLogEvent>
    <org.drools.audit.event.ActivationLogEvent>
      <activationId>Platinum Priority [2, 6]</activationId>
      <rule>Platinum Priority</rule>
      <declarations>ticket=[Ticket [Customer B : Platinum] : Escalate](6); customer=[Customer B : Platinum](2)</declarations>
      <type>7</type>
    </org.drools.audit.event.ActivationLogEvent>
    <org.drools.audit.event.ActivationLogEvent>
      <activationId>Escalate [2, 6]</activationId>
      <rule>Escalate</rule>
      <declarations>ticket=[Ticket [Customer B : Platinum] : Escalate](6); customer=[Customer B : Platinum](2)</declarations>
      <type>6</type>
    </org.drools.audit.event.ActivationLogEvent>
    <org.drools.audit.event.ActivationLogEvent>
      <activationId>Escalate [2, 6]</activationId>
      <rule>Escalate</rule>
      <declarations>ticket=[Ticket [Customer B : Platinum] : Escalate](6); customer=[Customer B : Platinum](2)</declarations>
      <type>7</type>
    </org.drools.audit.event.ActivationLogEvent>
    <org.drools.audit.event.ActivationLogEvent>
      <activationId>Silver Priority [3, 7]</activationId>
      <rule>Silver Priority</rule>
      <declarations>ticket=[Ticket [Customer C : Silver] : Done](7); customer=[Customer C : Silver](3)</declarations>
      <type>5</type>
    </org.drools.audit.event.ActivationLogEvent>
    <org.drools.audit.event.ActivationLogEvent>
      <activationId>Done [3, 7]</activationId>
      <rule>Done</rule>
      <declarations>ticket=[Ticket [Customer C : Silver] : Done](7); customer=[Customer C : Silver](3)</declarations>
      <type>4</type>
    </org.drools.audit.event.ActivationLogEvent>
    <org.drools.audit.event.ObjectLogEvent>
      <factId>7</factId>
      <objectToString>[Ticket [Customer C : Silver] : Done]</objectToString>
      <type>2</type>
    </org.drools.audit.event.ObjectLogEvent>
    <org.drools.audit.event.ActivationLogEvent>
      <activationId>Gold Priority [1, 5]</activationId>
      <rule>Gold Priority</rule>
      <declarations>ticket=[Ticket [Customer A : Gold] : New](5); customer=[Customer A : Gold](1)</declarations>
      <type>6</type>
    </org.drools.audit.event.ActivationLogEvent>
    <org.drools.audit.event.ActivationLogEvent>
      <activationId>Gold Priority [1, 5]</activationId>
      <rule>Gold Priority</rule>
      <declarations>ticket=[Ticket [Customer A : Gold] : Escalate](5); customer=[Customer A : Gold](1)</declarations>
      <type>5</type>
    </org.drools.audit.event.ActivationLogEvent>
    <org.drools.audit.event.ActivationLogEvent>
      <activationId>Escalate [1, 5]</activationId>
      <rule>Escalate</rule>
      <declarations>ticket=[Ticket [Customer A : Gold] : Escalate](5); customer=[Customer A : Gold](1)</declarations>
      <type>4</type>
    </org.drools.audit.event.ActivationLogEvent>
    <org.drools.audit.event.ObjectLogEvent>
      <factId>5</factId>
      <objectToString>[Ticket [Customer A : Gold] : Escalate]</objectToString>
      <type>2</type>
    </org.drools.audit.event.ObjectLogEvent>
    <org.drools.audit.event.ActivationLogEvent>
      <activationId>Gold Priority [1, 5]</activationId>
      <rule>Gold Priority</rule>
      <declarations>ticket=[Ticket [Customer A : Gold] : Escalate](5); customer=[Customer A : Gold](1)</declarations>
      <type>7</type>
    </org.drools.audit.event.ActivationLogEvent>
    <org.drools.audit.event.ActivationLogEvent>
      <activationId>Escalate [1, 5]</activationId>
      <rule>Escalate</rule>
      <declarations>ticket=[Ticket [Customer A : Gold] : Escalate](5); customer=[Customer A : Gold](1)</declarations>
      <type>6</type>
    </org.drools.audit.event.ActivationLogEvent>
    <org.drools.audit.event.ActivationLogEvent>
      <activationId>Escalate [1, 5]</activationId>
      <rule>Escalate</rule>
      <declarations>ticket=[Ticket [Customer A : Gold] : Escalate](5); customer=[Customer A : Gold](1)</declarations>
      <type>7</type>
    </org.drools.audit.event.ActivationLogEvent>
    <org.drools.audit.event.ActivationLogEvent>
      <activationId>Done [3, 7]</activationId>
      <rule>Done</rule>
      <declarations>ticket=[Ticket [Customer C : Silver] : Done](7); customer=[Customer C : Silver](3)</declarations>
      <type>6</type>
    </org.drools.audit.event.ActivationLogEvent>
    <org.drools.audit.event.ActivationLogEvent>
      <activationId>Done [3, 7]</activationId>
      <rule>Done</rule>
      <declarations>ticket=[Ticket [Customer C : Silver] : Done](7); customer=[Customer C : Silver](3)</declarations>
      <type>7</type>
    </org.drools.audit.event.ActivationLogEvent>
    <org.drools.audit.event.ActivationLogEvent>
      <activationId>Silver Priority [4, 8]</activationId>
      <rule>Silver Priority</rule>
      <declarations>ticket=[Ticket [Customer D : Silver] : New](8); customer=[Customer D : Silver](4)</declarations>
      <type>6</type>
    </org.drools.audit.event.ActivationLogEvent>
    <org.drools.audit.event.ActivationLogEvent>
      <activationId>Silver Priority [4, 8]</activationId>
      <rule>Silver Priority</rule>
      <declarations>ticket=[Ticket [Customer D : Silver] : Escalate](8); customer=[Customer D : Silver](4)</declarations>
      <type>5</type>
    </org.drools.audit.event.ActivationLogEvent>
    <org.drools.audit.event.ActivationLogEvent>
      <activationId>Escalate [4, 8]</activationId>
      <rule>Escalate</rule>
      <declarations>ticket=[Ticket [Customer D : Silver] : Escalate](8); customer=[Customer D : Silver](4)</declarations>
      <type>4</type>
    </org.drools.audit.event.ActivationLogEvent>
    <org.drools.audit.event.ObjectLogEvent>
      <factId>8</factId>
      <objectToString>[Ticket [Customer D : Silver] : Escalate]</objectToString>
      <type>2</type>
    </org.drools.audit.event.ObjectLogEvent>
    <org.drools.audit.event.ActivationLogEvent>
      <activationId>Silver Priority [4, 8]</activationId>
      <rule>Silver Priority</rule>
      <declarations>ticket=[Ticket [Customer D : Silver] : Escalate](8); customer=[Customer D : Silver](4)</declarations>
      <type>7</type>
    </org.drools.audit.event.ActivationLogEvent>
    <org.drools.audit.event.ActivationLogEvent>
      <activationId>Escalate [4, 8]</activationId>
      <rule>Escalate</rule>
      <declarations>ticket=[Ticket [Customer D : Silver] : Escalate](8); customer=[Customer D : Silver](4)</declarations>
      <type>6</type>
    </org.drools.audit.event.ActivationLogEvent>
    <org.drools.audit.event.ActivationLogEvent>
      <activationId>Escalate [4, 8]</activationId>
      <rule>Escalate</rule>
      <declarations>ticket=[Ticket [Customer D : Silver] : Escalate](8); customer=[Customer D : Silver](4)</declarations>
      <type>7</type>
    </org.drools.audit.event.ActivationLogEvent>
  </list>
</object-stream>