<object-stream>
  <list>
    <org.drools.audit.event.ActivationLogEvent>
      <activationId>not s then i [0]</activationId>
      <rule>not s then i</rule>
      <declarations></declarations>
      <type>6</type>
    </org.drools.audit.event.ActivationLogEvent>
    <org.drools.audit.event.ActivationLogEvent>
      <activationId>i then s [1]</activationId>
      <rule>i then s</rule>
      <declarations></declarations>
      <type>4</type>
    </org.drools.audit.event.ActivationLogEvent>
    <org.drools.audit.event.ObjectLogEvent>
      <factId>1</factId>
      <objectToString>1</objectToString>
      <type>1</type>
    </org.drools.audit.event.ObjectLogEvent>
    <org.drools.audit.event.ActivationLogEvent>
      <activationId>not s then i [0]</activationId>
      <rule>not s then i</rule>
      <declarations></declarations>
      <type>7</type>
    </org.drools.audit.event.ActivationLogEvent>
    <org.drools.audit.event.ActivationLogEvent>
      <activationId>i then s [1]</activationId>
      <rule>i then s</rule>
      <declarations></declarations>
      <type>6</type>
    </org.drools.audit.event.ActivationLogEvent>
    <org.drools.audit.event.ObjectLogEvent>
      <factId>2</factId>
      <objectToString>s</objectToString>
      <type>1</type>
    </org.drools.audit.event.ObjectLogEvent>
    <org.drools.audit.event.ObjectLogEvent>
      <factId>1</factId>
      <objectToString>1</objectToString>
      <type>3</type>
    </org.drools.audit.event.ObjectLogEvent>
    <org.drools.audit.event.ActivationLogEvent>
      <activationId>not s then i [0]</activationId>
      <rule>not s then i</rule>
      <declarations></declarations>
      <type>4</type>
    </org.drools.audit.event.ActivationLogEvent>
    <org.drools.audit.event.ObjectLogEvent>
      <factId>2</factId>
      <objectToString>s</objectToString>
      <type>3</type>
    </org.drools.audit.event.ObjectLogEvent>
    <org.drools.audit.event.ActivationLogEvent>
      <activationId>i then s [-1]</activationId>
      <rule>i then s</rule>
      <declarations></declarations>
      <type>7</type>
    </org.drools.audit.event.ActivationLogEvent>
    <org.drools.audit.event.ActivationLogEvent>
      <activationId>not s then i [0]</activationId>
      <rule>not s then i</rule>
      <declarations></declarations>
      <type>6</type>
    </org.drools.audit.event.ActivationLogEvent>
    <org.drools.audit.event.ActivationLogEvent>
      <activationId>i then s [2]</activationId>
      <rule>i then s</rule>
      <declarations></declarations>
      <type>4</type>
    </org.drools.audit.event.ActivationLogEvent>
    <org.drools.audit.event.ObjectLogEvent>
      <factId>2</factId>
      <objectToString>1</objectToString>
      <type>1</type>
    </org.drools.audit.event.ObjectLogEvent>
    <org.drools.audit.event.ActivationLogEvent>
      <activationId>not s then i [0]</activationId>
      <rule>not s then i</rule>
      <declarations></declarations>
      <type>7</type>
    </org.drools.audit.event.ActivationLogEvent>
    <org.drools.audit.event.ActivationLogEvent>
      <activationId>i then s [2]</activationId>
      <rule>i then s</rule>
      <declarations></declarations>
      <type>6</type>
    </org.drools.audit.event.ActivationLogEvent>
    <org.drools.audit.event.ObjectLogEvent>
      <factId>1</factId>
      <objectToString>s</objectToString>
      <type>1</type>
    </org.drools.audit.event.ObjectLogEvent>
    <org.drools.audit.event.ObjectLogEvent>
      <factId>2</factId>
      <objectToString>1</objectToString>
      <type>3</type>
    </org.drools.audit.event.ObjectLogEvent>
    <org.drools.audit.event.ActivationLogEvent>
      <activationId>not s then i [0]</activationId>
      <rule>not s then i</rule>
      <declarations></declarations>
      <type>4</type>
    </org.drools.audit.event.ActivationLogEvent>
    <org.drools.audit.event.ObjectLogEvent>
      <factId>1</factId>
      <objectToString>s</objectToString>
      <type>3</type>
    </org.drools.audit.event.ObjectLogEvent>
    <org.drools.audit.event.ActivationLogEvent>
      <activationId>i then s [-1]</activationId>
      <rule>i then s</rule>
      <declarations></declarations>
      <type>7</type>
    </org.drools.audit.event.ActivationLogEvent>
    <org.drools.audit.event.ActivationLogEvent>
      <activationId>not s then i [0]</activationId>
      <rule>not s then i</rule>
      <declarations></declarations>
      <type>6</type>
    </org.drools.audit.event.ActivationLogEvent>
    <org.drools.audit.event.ActivationLogEvent>
      <activationId>i then s [1]</activationId>
      <rule>i then s</rule>
      <declarations></declarations>
      <type>4</type>
    </org.drools.audit.event.ActivationLogEvent>
    <org.drools.audit.event.ObjectLogEvent>
      <factId>1</factId>
      <objectToString>1</objectToString>
      <type>1</type>
    </org.drools.audit.event.ObjectLogEvent>
    <org.drools.audit.event.ActivationLogEvent>
      <activationId>not s then i [0]</activationId>
      <rule>not s then i</rule>
      <declarations></declarations>
      <type>7</type>
    </org.drools.audit.event.ActivationLogEvent>
    <org.drools.audit.event.ActivationLogEvent>
      <activationId>i then s [1]</activationId>
      <rule>i then s</rule>
      <declarations></declarations>
      <type>6</type>
    </org.drools.audit.event.ActivationLogEvent>
    <org.drools.audit.event.ObjectLogEvent>
      <factId>2</factId>
      <objectToString>s</objectToString>
      <type>1</type>
    </org.drools.audit.event.ObjectLogEvent>
    <org.drools.audit.event.ObjectLogEvent>
      <factId>1</factId>
      <objectToString>1</objectToString>
      <type>3</type>
    </org.drools.audit.event.ObjectLogEvent>
    <org.drools.audit.event.ActivationLogEvent>
      <activationId>not s then i [0]</activationId>
      <rule>not s then i</rule>
      <declarations></declarations>
      <type>4</type>
    </org.drools.audit.event.ActivationLogEvent>
    <org.drools.audit.event.ObjectLogEvent>
      <factId>2</factId>
      <objectToString>s</objectToString>
      <type>3</type>
    </org.drools.audit.event.ObjectLogEvent>
    <org.drools.audit.event.ActivationLogEvent>
      <activationId>i then s [-1]</activationId>
      <rule>i then s</rule>
      <declarations></declarations>
      <type>7</type>
    </org.drools.audit.event.ActivationLogEvent>
    <org.drools.audit.event.ActivationLogEvent>
      <activationId>not s then i [0]</activationId>
      <rule>not s then i</rule>
      <declarations></declarations>
      <type>6</type>
    </org.drools.audit.event.ActivationLogEvent>
    <org.drools.audit.event.ActivationLogEvent>
      <activationId>i then s [2]</activationId>
      <rule>i then s</rule>
      <declarations></declarations>
      <type>4</type>
    </org.drools.audit.event.ActivationLogEvent>
    <org.drools.audit.event.ObjectLogEvent>
      <factId>2</factId>
      <objectToString>1</objectToString>
      <type>1</type>
    </org.drools.audit.event.ObjectLogEvent>
    <org.drools.audit.event.ActivationLogEvent>
      <activationId>not s then i [0]</activationId>
      <rule>not s then i</rule>
      <declarations></declarations>
      <type>7</type>
    </org.drools.audit.event.ActivationLogEvent>
    <org.drools.audit.event.ActivationLogEvent>
      <activationId>i then s [2]</activationId>
      <rule>i then s</rule>
      <declarations></declarations>
      <type>6</type>
    </org.drools.audit.event.ActivationLogEvent>
    <org.drools.audit.event.ObjectLogEvent>
      <factId>1</factId>
      <objectToString>s</objectToString>
      <type>1</type>
    </org.drools.audit.event.ObjectLogEvent>
    <org.drools.audit.event.ObjectLogEvent>
      <factId>2</factId>
      <objectToString>1</objectToString>
      <type>3</type>
    </org.drools.audit.event.ObjectLogEvent>
    <org.drools.audit.event.ActivationLogEvent>
      <activationId>not s then i [0]</activationId>
      <rule>not s then i</rule>
      <declarations></declarations>
      <type>4</type>
    </org.drools.audit.event.ActivationLogEvent>
    <org.drools.audit.event.ObjectLogEvent>
      <factId>1</factId>
      <objectToString>s</objectToString>
      <type>3</type>
    </org.drools.audit.event.ObjectLogEvent>
    <org.drools.audit.event.ActivationLogEvent>
      <activationId>i then s [-1]</activationId>
      <rule>i then s</rule>
      <declarations></declarations>
      <type>7</type>
    </org.drools.audit.event.ActivationLogEvent>
    <org.drools.audit.event.ActivationLogEvent>
      <activationId>not s then i [0]</activationId>
      <rule>not s then i</rule>
      <declarations></declarations>
      <type>6</type>
    </org.drools.audit.event.ActivationLogEvent>
    <org.drools.audit.event.ActivationLogEvent>
      <activationId>i then s [1]</activationId>
      <rule>i then s</rule>
      <declarations></declarations>
      <type>4</type>
    </org.drools.audit.event.ActivationLogEvent>
    <org.drools.audit.event.ObjectLogEvent>
      <factId>1</factId>
      <objectToString>1</objectToString>
      <type>1</type>
    </org.drools.audit.event.ObjectLogEvent>
    <org.drools.audit.event.ActivationLogEvent>
      <activationId>not s then i [0]</activationId>
      <rule>not s then i</rule>
      <declarations></declarations>
      <type>7</type>
    </org.drools.audit.event.ActivationLogEvent>
    <org.drools.audit.event.ActivationLogEvent>
      <activationId>i then s [1]</activationId>
      <rule>i then s</rule>
      <declarations></declarations>
      <type>6</type>
    </org.drools.audit.event.ActivationLogEvent>
    <org.drools.audit.event.ObjectLogEvent>
      <factId>2</factId>
      <objectToString>s</objectToString>
      <type>1</type>
    </org.drools.audit.event.ObjectLogEvent>
    <org.drools.audit.event.ObjectLogEvent>
      <factId>1</factId>
      <objectToString>1</objectToString>
      <type>3</type>
    </org.drools.audit.event.ObjectLogEvent>
    <org.drools.audit.event.ActivationLogEvent>
      <activationId>not s then i [0]</activationId>
      <rule>not s then i</rule>
      <declarations></declarations>
      <type>4</type>
    </org.drools.audit.event.ActivationLogEvent>
    <org.drools.audit.event.ObjectLogEvent>
      <factId>2</factId>
      <objectToString>s</objectToString>
      <type>3</type>
    </org.drools.audit.event.ObjectLogEvent>
    <org.drools.audit.event.ActivationLogEvent>
      <activationId>i then s [-1]</activationId>
      <rule>i then s</rule>
      <declarations></declarations>
      <type>7</type>
    </org.drools.audit.event.ActivationLogEvent>
    <org.drools.audit.event.ActivationLogEvent>
      <activationId>not s then i [0]</activationId>
      <rule>not s then i</rule>
      <declarations></declarations>
      <type>6</type>
    </org.drools.audit.event.ActivationLogEvent>
    <org.drools.audit.event.ActivationLogEvent>
      <activationId>not s then i [0]</activationId>
      <rule>not s then i</rule>
      <declarations></declarations>
      <type>7</type>
    </org.drools.audit.event.ActivationLogEvent>
  </list>
</object-stream>